<?xml version="1.0" encoding="UTF-8"?>
<testng-results ignored="0" total="1" passed="1" failed="0" skipped="0">
  <reporter-output>
  </reporter-output>
  <suite started-at="2021-04-24T13:24:46Z" name="Default suite" finished-at="2021-04-24T13:24:55Z" duration-ms="8455">
    <groups>
    </groups>
    <test started-at="2021-04-24T13:24:46Z" name="Default test" finished-at="2021-04-24T13:24:55Z" duration-ms="8455">
      <class name="Test1.NewTest2">
        <test-method signature="f()[pri:0, instance:Test1.NewTest2@59e2d8e3]" started-at="2021-04-24T10:24:46Z" name="f" finished-at="2021-04-24T10:24:55Z" duration-ms="8383" status="PASS">
          <reporter-output>
          </reporter-output>
        </test-method> <!-- f -->
      </class> <!-- Test1.NewTest2 -->
    </test> <!-- Default test -->
  </suite> <!-- Default suite -->
</testng-results>
